<?xml version="1.0" encoding="UTF-8"?>
<testsuite xmlns:xsi="http://www.w3.org/2001/XMLSchema-instance" xsi:noNamespaceSchemaLocation="https://maven.apache.org/surefire/maven-surefire-plugin/xsd/surefire-test-report-3.0.xsd" version="3.0" name="TestSuite" time="4.065" tests="33" errors="0" skipped="29" failures="4">
  <properties>
    <property name="sun.desktop" value="windows"/>
    <property name="awt.toolkit" value="sun.awt.windows.WToolkit"/>
    <property name="file.encoding.pkg" value="sun.io"/>
    <property name="java.specification.version" value="1.8"/>
    <property name="sun.cpu.isalist" value="amd64"/>
    <property name="sun.jnu.encoding" value="Cp1252"/>
    <property name="java.class.path" value="D:\Wandelry Automation code\04-03\xfactor\target\test-classes;D:\Wandelry Automation code\04-03\xfactor\target\classes;C:\Users\lenovo-pc\.m2\repository\org\seleniumhq\selenium\selenium-java\3.141.59\selenium-java-3.141.59.jar;C:\Users\lenovo-pc\.m2\repository\org\seleniumhq\selenium\selenium-api\3.141.59\selenium-api-3.141.59.jar;C:\Users\lenovo-pc\.m2\repository\org\seleniumhq\selenium\selenium-chrome-driver\3.141.59\selenium-chrome-driver-3.141.59.jar;C:\Users\lenovo-pc\.m2\repository\org\seleniumhq\selenium\selenium-edge-driver\3.141.59\selenium-edge-driver-3.141.59.jar;C:\Users\lenovo-pc\.m2\repository\org\seleniumhq\selenium\selenium-firefox-driver\3.141.59\selenium-firefox-driver-3.141.59.jar;C:\Users\lenovo-pc\.m2\repository\org\seleniumhq\selenium\selenium-ie-driver\3.141.59\selenium-ie-driver-3.141.59.jar;C:\Users\lenovo-pc\.m2\repository\org\seleniumhq\selenium\selenium-opera-driver\3.141.59\selenium-opera-driver-3.141.59.jar;C:\Users\lenovo-pc\.m2\repository\org\seleniumhq\selenium\selenium-remote-driver\3.141.59\selenium-remote-driver-3.141.59.jar;C:\Users\lenovo-pc\.m2\repository\org\seleniumhq\selenium\selenium-safari-driver\3.141.59\selenium-safari-driver-3.141.59.jar;C:\Users\lenovo-pc\.m2\repository\org\seleniumhq\selenium\selenium-support\3.141.59\selenium-support-3.141.59.jar;C:\Users\lenovo-pc\.m2\repository\net\bytebuddy\byte-buddy\1.8.15\byte-buddy-1.8.15.jar;C:\Users\lenovo-pc\.m2\repository\org\apache\commons\commons-exec\1.3\commons-exec-1.3.jar;C:\Users\lenovo-pc\.m2\repository\com\squareup\okhttp3\okhttp\3.11.0\okhttp-3.11.0.jar;C:\Users\lenovo-pc\.m2\repository\com\squareup\okio\okio\1.14.0\okio-1.14.0.jar;C:\Users\lenovo-pc\.m2\repository\org\testng\testng\7.1.0\testng-7.1.0.jar;C:\Users\lenovo-pc\.m2\repository\com\beust\jcommander\1.72\jcommander-1.72.jar;C:\Users\lenovo-pc\.m2\repository\com\google\inject\guice\4.1.0\guice-4.1.0-no_aop.jar;C:\Users\lenovo-pc\.m2\repository\javax\inject\javax.inject\1\javax.inject-1.jar;C:\Users\lenovo-pc\.m2\repository\aopalliance\aopalliance\1.0\aopalliance-1.0.jar;C:\Users\lenovo-pc\.m2\repository\org\yaml\snakeyaml\1.21\snakeyaml-1.21.jar;C:\Users\lenovo-pc\.m2\repository\org\apache\poi\poi\4.1.1\poi-4.1.1.jar;C:\Users\lenovo-pc\.m2\repository\commons-codec\commons-codec\1.13\commons-codec-1.13.jar;C:\Users\lenovo-pc\.m2\repository\org\apache\commons\commons-collections4\4.4\commons-collections4-4.4.jar;C:\Users\lenovo-pc\.m2\repository\org\apache\commons\commons-math3\3.6.1\commons-math3-3.6.1.jar;C:\Users\lenovo-pc\.m2\repository\org\apache\poi\poi-ooxml\4.1.1\poi-ooxml-4.1.1.jar;C:\Users\lenovo-pc\.m2\repository\org\apache\poi\poi-ooxml-schemas\4.1.1\poi-ooxml-schemas-4.1.1.jar;C:\Users\lenovo-pc\.m2\repository\org\apache\xmlbeans\xmlbeans\3.1.0\xmlbeans-3.1.0.jar;C:\Users\lenovo-pc\.m2\repository\org\apache\commons\commons-compress\1.19\commons-compress-1.19.jar;C:\Users\lenovo-pc\.m2\repository\com\github\virtuald\curvesapi\1.06\curvesapi-1.06.jar;C:\Users\lenovo-pc\.m2\repository\io\github\bonigarcia\webdrivermanager\3.8.0\webdrivermanager-3.8.0.jar;C:\Users\lenovo-pc\.m2\repository\org\slf4j\slf4j-api\1.7.25\slf4j-api-1.7.25.jar;C:\Users\lenovo-pc\.m2\repository\com\google\code\gson\gson\2.8.5\gson-2.8.5.jar;C:\Users\lenovo-pc\.m2\repository\org\apache\commons\commons-lang3\3.8.1\commons-lang3-3.8.1.jar;C:\Users\lenovo-pc\.m2\repository\org\apache\httpcomponents\httpclient\4.5.6\httpclient-4.5.6.jar;C:\Users\lenovo-pc\.m2\repository\org\rauschig\jarchivelib\1.0.0\jarchivelib-1.0.0.jar;C:\Users\lenovo-pc\.m2\repository\org\jsoup\jsoup\1.11.3\jsoup-1.11.3.jar;C:\Users\lenovo-pc\.m2\repository\commons-io\commons-io\2.6\commons-io-2.6.jar;C:\Users\lenovo-pc\.m2\repository\com\aventstack\extentreports\4.0.9\extentreports-4.0.9.jar;C:\Users\lenovo-pc\.m2\repository\org\freemarker\freemarker\2.3.23\freemarker-2.3.23.jar;C:\Users\lenovo-pc\.m2\repository\org\mongodb\mongodb-driver\3.3.0\mongodb-driver-3.3.0.jar;C:\Users\lenovo-pc\.m2\repository\org\mongodb\mongodb-driver-core\3.3.0\mongodb-driver-core-3.3.0.jar;C:\Users\lenovo-pc\.m2\repository\org\mongodb\bson\3.3.0\bson-3.3.0.jar;C:\Users\lenovo-pc\.m2\repository\org\apache\httpcomponents\httpmime\4.5.2\httpmime-4.5.2.jar;C:\Users\lenovo-pc\.m2\repository\com\google\guava\guava\29.0-jre\guava-29.0-jre.jar;C:\Users\lenovo-pc\.m2\repository\com\google\guava\failureaccess\1.0.1\failureaccess-1.0.1.jar;C:\Users\lenovo-pc\.m2\repository\com\google\guava\listenablefuture\9999.0-empty-to-avoid-conflict-with-guava\listenablefuture-9999.0-empty-to-avoid-conflict-with-guava.jar;C:\Users\lenovo-pc\.m2\repository\com\google\code\findbugs\jsr305\3.0.2\jsr305-3.0.2.jar;C:\Users\lenovo-pc\.m2\repository\org\checkerframework\checker-qual\2.11.1\checker-qual-2.11.1.jar;C:\Users\lenovo-pc\.m2\repository\com\google\errorprone\error_prone_annotations\2.3.4\error_prone_annotations-2.3.4.jar;C:\Users\lenovo-pc\.m2\repository\com\google\j2objc\j2objc-annotations\1.3\j2objc-annotations-1.3.jar;C:\Users\lenovo-pc\.m2\repository\org\slf4j\slf4j-simple\1.7.30\slf4j-simple-1.7.30.jar;"/>
    <property name="java.vm.vendor" value="Oracle Corporation"/>
    <property name="sun.arch.data.model" value="64"/>
    <property name="user.variant" value=""/>
    <property name="java.vendor.url" value="http://java.oracle.com/"/>
    <property name="user.timezone" value="Asia/Calcutta"/>
    <property name="java.vm.specification.version" value="1.8"/>
    <property name="os.name" value="Windows 10"/>
    <property name="user.country" value="IN"/>
    <property name="sun.java.launcher" value="SUN_STANDARD"/>
    <property name="sun.boot.library.path" value="C:\Program Files\Java\jdk1.8.0_181\jre\bin"/>
    <property name="sun.java.command" value="C:\Users\lenovo-pc\AppData\Local\Temp\surefire3101852323641872153\surefirebooter8990712104306184095.jar C:\Users\lenovo-pc\AppData\Local\Temp\surefire3101852323641872153 2020-11-09T22-50-11_654-jvmRun1 surefire1374799283389955034tmp surefire_03989776320912615472tmp"/>
    <property name="surefire.test.class.path" value="D:\Wandelry Automation code\04-03\xfactor\target\test-classes;D:\Wandelry Automation code\04-03\xfactor\target\classes;C:\Users\lenovo-pc\.m2\repository\org\seleniumhq\selenium\selenium-java\3.141.59\selenium-java-3.141.59.jar;C:\Users\lenovo-pc\.m2\repository\org\seleniumhq\selenium\selenium-api\3.141.59\selenium-api-3.141.59.jar;C:\Users\lenovo-pc\.m2\repository\org\seleniumhq\selenium\selenium-chrome-driver\3.141.59\selenium-chrome-driver-3.141.59.jar;C:\Users\lenovo-pc\.m2\repository\org\seleniumhq\selenium\selenium-edge-driver\3.141.59\selenium-edge-driver-3.141.59.jar;C:\Users\lenovo-pc\.m2\repository\org\seleniumhq\selenium\selenium-firefox-driver\3.141.59\selenium-firefox-driver-3.141.59.jar;C:\Users\lenovo-pc\.m2\repository\org\seleniumhq\selenium\selenium-ie-driver\3.141.59\selenium-ie-driver-3.141.59.jar;C:\Users\lenovo-pc\.m2\repository\org\seleniumhq\selenium\selenium-opera-driver\3.141.59\selenium-opera-driver-3.141.59.jar;C:\Users\lenovo-pc\.m2\repository\org\seleniumhq\selenium\selenium-remote-driver\3.141.59\selenium-remote-driver-3.141.59.jar;C:\Users\lenovo-pc\.m2\repository\org\seleniumhq\selenium\selenium-safari-driver\3.141.59\selenium-safari-driver-3.141.59.jar;C:\Users\lenovo-pc\.m2\repository\org\seleniumhq\selenium\selenium-support\3.141.59\selenium-support-3.141.59.jar;C:\Users\lenovo-pc\.m2\repository\net\bytebuddy\byte-buddy\1.8.15\byte-buddy-1.8.15.jar;C:\Users\lenovo-pc\.m2\repository\org\apache\commons\commons-exec\1.3\commons-exec-1.3.jar;C:\Users\lenovo-pc\.m2\repository\com\squareup\okhttp3\okhttp\3.11.0\okhttp-3.11.0.jar;C:\Users\lenovo-pc\.m2\repository\com\squareup\okio\okio\1.14.0\okio-1.14.0.jar;C:\Users\lenovo-pc\.m2\repository\org\testng\testng\7.1.0\testng-7.1.0.jar;C:\Users\lenovo-pc\.m2\repository\com\beust\jcommander\1.72\jcommander-1.72.jar;C:\Users\lenovo-pc\.m2\repository\com\google\inject\guice\4.1.0\guice-4.1.0-no_aop.jar;C:\Users\lenovo-pc\.m2\repository\javax\inject\javax.inject\1\javax.inject-1.jar;C:\Users\lenovo-pc\.m2\repository\aopalliance\aopalliance\1.0\aopalliance-1.0.jar;C:\Users\lenovo-pc\.m2\repository\org\yaml\snakeyaml\1.21\snakeyaml-1.21.jar;C:\Users\lenovo-pc\.m2\repository\org\apache\poi\poi\4.1.1\poi-4.1.1.jar;C:\Users\lenovo-pc\.m2\repository\commons-codec\commons-codec\1.13\commons-codec-1.13.jar;C:\Users\lenovo-pc\.m2\repository\org\apache\commons\commons-collections4\4.4\commons-collections4-4.4.jar;C:\Users\lenovo-pc\.m2\repository\org\apache\commons\commons-math3\3.6.1\commons-math3-3.6.1.jar;C:\Users\lenovo-pc\.m2\repository\org\apache\poi\poi-ooxml\4.1.1\poi-ooxml-4.1.1.jar;C:\Users\lenovo-pc\.m2\repository\org\apache\poi\poi-ooxml-schemas\4.1.1\poi-ooxml-schemas-4.1.1.jar;C:\Users\lenovo-pc\.m2\repository\org\apache\xmlbeans\xmlbeans\3.1.0\xmlbeans-3.1.0.jar;C:\Users\lenovo-pc\.m2\repository\org\apache\commons\commons-compress\1.19\commons-compress-1.19.jar;C:\Users\lenovo-pc\.m2\repository\com\github\virtuald\curvesapi\1.06\curvesapi-1.06.jar;C:\Users\lenovo-pc\.m2\repository\io\github\bonigarcia\webdrivermanager\3.8.0\webdrivermanager-3.8.0.jar;C:\Users\lenovo-pc\.m2\repository\org\slf4j\slf4j-api\1.7.25\slf4j-api-1.7.25.jar;C:\Users\lenovo-pc\.m2\repository\com\google\code\gson\gson\2.8.5\gson-2.8.5.jar;C:\Users\lenovo-pc\.m2\repository\org\apache\commons\commons-lang3\3.8.1\commons-lang3-3.8.1.jar;C:\Users\lenovo-pc\.m2\repository\org\apache\httpcomponents\httpclient\4.5.6\httpclient-4.5.6.jar;C:\Users\lenovo-pc\.m2\repository\org\rauschig\jarchivelib\1.0.0\jarchivelib-1.0.0.jar;C:\Users\lenovo-pc\.m2\repository\org\jsoup\jsoup\1.11.3\jsoup-1.11.3.jar;C:\Users\lenovo-pc\.m2\repository\commons-io\commons-io\2.6\commons-io-2.6.jar;C:\Users\lenovo-pc\.m2\repository\com\aventstack\extentreports\4.0.9\extentreports-4.0.9.jar;C:\Users\lenovo-pc\.m2\repository\org\freemarker\freemarker\2.3.23\freemarker-2.3.23.jar;C:\Users\lenovo-pc\.m2\repository\org\mongodb\mongodb-driver\3.3.0\mongodb-driver-3.3.0.jar;C:\Users\lenovo-pc\.m2\repository\org\mongodb\mongodb-driver-core\3.3.0\mongodb-driver-core-3.3.0.jar;C:\Users\lenovo-pc\.m2\repository\org\mongodb\bson\3.3.0\bson-3.3.0.jar;C:\Users\lenovo-pc\.m2\repository\org\apache\httpcomponents\httpmime\4.5.2\httpmime-4.5.2.jar;C:\Users\lenovo-pc\.m2\repository\com\google\guava\guava\29.0-jre\guava-29.0-jre.jar;C:\Users\lenovo-pc\.m2\repository\com\google\guava\failureaccess\1.0.1\failureaccess-1.0.1.jar;C:\Users\lenovo-pc\.m2\repository\com\google\guava\listenablefuture\9999.0-empty-to-avoid-conflict-with-guava\listenablefuture-9999.0-empty-to-avoid-conflict-with-guava.jar;C:\Users\lenovo-pc\.m2\repository\com\google\code\findbugs\jsr305\3.0.2\jsr305-3.0.2.jar;C:\Users\lenovo-pc\.m2\repository\org\checkerframework\checker-qual\2.11.1\checker-qual-2.11.1.jar;C:\Users\lenovo-pc\.m2\repository\com\google\errorprone\error_prone_annotations\2.3.4\error_prone_annotations-2.3.4.jar;C:\Users\lenovo-pc\.m2\repository\com\google\j2objc\j2objc-annotations\1.3\j2objc-annotations-1.3.jar;C:\Users\lenovo-pc\.m2\repository\org\slf4j\slf4j-simple\1.7.30\slf4j-simple-1.7.30.jar;"/>
    <property name="sun.cpu.endian" value="little"/>
    <property name="user.home" value="C:\Users\lenovo-pc"/>
    <property name="user.language" value="en"/>
    <property name="java.specification.vendor" value="Oracle Corporation"/>
    <property name="java.home" value="C:\Program Files\Java\jdk1.8.0_181\jre"/>
    <property name="basedir" value="D:\Wandelry Automation code\04-03\xfactor"/>
    <property name="file.separator" value="\"/>
    <property name="line.separator" value="&#10;"/>
    <property name="java.vm.specification.vendor" value="Oracle Corporation"/>
    <property name="java.specification.name" value="Java Platform API Specification"/>
    <property name="java.awt.graphicsenv" value="sun.awt.Win32GraphicsEnvironment"/>
    <property name="surefire.real.class.path" value="C:\Users\lenovo-pc\AppData\Local\Temp\surefire3101852323641872153\surefirebooter8990712104306184095.jar"/>
    <property name="sun.boot.class.path" value="C:\Program Files\Java\jdk1.8.0_181\jre\lib\resources.jar;C:\Program Files\Java\jdk1.8.0_181\jre\lib\rt.jar;C:\Program Files\Java\jdk1.8.0_181\jre\lib\sunrsasign.jar;C:\Program Files\Java\jdk1.8.0_181\jre\lib\jsse.jar;C:\Program Files\Java\jdk1.8.0_181\jre\lib\jce.jar;C:\Program Files\Java\jdk1.8.0_181\jre\lib\charsets.jar;C:\Program Files\Java\jdk1.8.0_181\jre\lib\jfr.jar;C:\Program Files\Java\jdk1.8.0_181\jre\classes"/>
    <property name="user.script" value=""/>
    <property name="sun.management.compiler" value="HotSpot 64-Bit Tiered Compilers"/>
    <property name="java.runtime.version" value="1.8.0_181-b13"/>
    <property name="user.name" value="lenovo-pc"/>
    <property name="path.separator" value=";"/>
    <property name="os.version" value="10.0"/>
    <property name="java.endorsed.dirs" value="C:\Program Files\Java\jdk1.8.0_181\jre\lib\endorsed"/>
    <property name="java.runtime.name" value="Java(TM) SE Runtime Environment"/>
    <property name="file.encoding" value="Cp1252"/>
    <property name="java.vm.name" value="Java HotSpot(TM) 64-Bit Server VM"/>
    <property name="localRepository" value="C:\Users\lenovo-pc\.m2\repository"/>
    <property name="java.vendor.url.bug" value="http://bugreport.sun.com/bugreport/"/>
    <property name="java.io.tmpdir" value="C:\Users\LENOVO~1\AppData\Local\Temp\"/>
    <property name="java.version" value="1.8.0_181"/>
    <property name="user.dir" value="D:\Wandelry Automation code\04-03\xfactor"/>
    <property name="os.arch" value="amd64"/>
    <property name="java.vm.specification.name" value="Java Virtual Machine Specification"/>
    <property name="java.awt.printerjob" value="sun.awt.windows.WPrinterJob"/>
    <property name="sun.os.patch.level" value=""/>
    <property name="java.library.path" value="C:\Program Files\Java\jdk1.8.0_181\jre\bin;C:\WINDOWS\Sun\Java\bin;C:\WINDOWS\system32;C:\WINDOWS;C:/Program Files/Java/jre1.8.0_191/bin/server;C:/Program Files/Java/jre1.8.0_191/bin;C:/Program Files/Java/jre1.8.0_191/lib/amd64;C:\Program Files (x86)\Common Files\Oracle\Java\javapath;C:\WINDOWS\system32;C:\WINDOWS;C:\WINDOWS\System32\Wbem;C:\WINDOWS\System32\WindowsPowerShell\v1.0\;C:\WINDOWS\System32\OpenSSH\;C:\Program Files\Java\jdk1.8.0_181\bin;C:\Program Files\Git\cmd;C:\Users\lenovo-pc\AppData\Local\Android\Sdk\tools;C:\Users\lenovo-pc\AppData\Local\Android\Sdk\platform-tools;C:\Users\lenovo-pc\AppData\Local\Android\Sdk\build-tools,;C:\Program Files\nodejs\;C:\apache-maven-3.6.3\bin;C:\Users\lenovo-pc\AppData\Local\Programs\Python\Python38-32\Scripts\;C:\Users\lenovo-pc\AppData\Local\Programs\Python\Python38-32\;C:\Users\lenovo-pc\AppData\Local\Microsoft\WindowsApps;C:\Users\lenovo-pc\AppData\Roaming\npm;C:\WINDOWS\System32;;."/>
    <property name="java.vm.info" value="mixed mode"/>
    <property name="java.vendor" value="Oracle Corporation"/>
    <property name="java.vm.version" value="25.181-b13"/>
    <property name="java.ext.dirs" value="C:\Program Files\Java\jdk1.8.0_181\jre\lib\ext;C:\WINDOWS\Sun\Java\lib\ext"/>
    <property name="sun.io.unicode.encoding" value="UnicodeLittle"/>
    <property name="java.class.version" value="52.0"/>
  </properties>
  <testcase name="preTest" classname="com.xfactor.test.LoginTest" time="2.76">
    <failure message="org/apache/http/HttpRequest" type="java.lang.NoClassDefFoundError"><![CDATA[java.lang.NoClassDefFoundError: org/apache/http/HttpRequest
Caused by: java.lang.ClassNotFoundException: org.apache.http.HttpRequest
]]></failure>
    <system-out><![CDATA[Test Suite Execution Started 
Time Stamp: Mon Nov 09 22:50:16 IST 2020
]]></system-out>
  </testcase>
  <testcase name="preCondition" classname="com.xfactor.test.LoginTest" time="0">
    <skipped/>
  </testcase>
  <testcase name="loginWithInvalidUsername_logout" classname="com.xfactor.test.LoginTest" time="0">
    <skipped message="org/apache/http/HttpRequest"/>
    <system-out><![CDATA[loginWithInvalidUsername_logout has started 
]]></system-out>
  </testcase>
  <testcase name="loginWithInvalidPassword" classname="com.xfactor.test.LoginTest" time="0">
    <skipped message="org/apache/http/HttpRequest"/>
    <system-out><![CDATA[loginWithInvalidPassword has started 
]]></system-out>
  </testcase>
  <testcase name="loginWithInvalidUsernameAndPassword" classname="com.xfactor.test.LoginTest" time="0">
    <skipped message="org/apache/http/HttpRequest"/>
    <system-out><![CDATA[loginWithInvalidUsernameAndPassword has started 
]]></system-out>
  </testcase>
  <testcase name="loginWithValidCredentials" classname="com.xfactor.test.LoginTest" time="0">
    <skipped message="org/apache/http/HttpRequest"/>
    <system-out><![CDATA[loginWithValidCredentials has started 
]]></system-out>
  </testcase>
  <testcase name="postCondition" classname="com.xfactor.test.LoginTest" time="0">
    <skipped/>
  </testcase>
  <testcase name="teardown" classname="com.xfactor.test.LoginTest" time="0">
    <skipped/>
  </testcase>
  <testcase name="preTest" classname="com.xfactor.test.AboutUsTest" time="0.635">
    <failure message="org/apache/http/HttpRequest" type="java.lang.NoClassDefFoundError"><![CDATA[java.lang.NoClassDefFoundError: org/apache/http/HttpRequest
Caused by: java.lang.ClassNotFoundException: org.apache.http.HttpRequest
]]></failure>
    <system-out><![CDATA[Login has finished it's execution Mon Nov 09 22:50:17 IST 2020
Test Suite Execution Started 
Time Stamp: Mon Nov 09 22:50:17 IST 2020
]]></system-out>
  </testcase>
  <testcase name="preCondition" classname="com.xfactor.test.AboutUsTest" time="0">
    <skipped/>
  </testcase>
  <testcase name="displayAboutUsPage" classname="com.xfactor.test.AboutUsTest" time="0">
    <skipped message="org/apache/http/HttpRequest"/>
    <system-out><![CDATA[displayAboutUsPage has started 
]]></system-out>
  </testcase>
  <testcase name="displayFAQPage" classname="com.xfactor.test.AboutUsTest" time="0">
    <skipped message="org/apache/http/HttpRequest"/>
    <system-out><![CDATA[displayFAQPage has started 
]]></system-out>
  </testcase>
  <testcase name="filterFAQsAccordingToCategories" classname="com.xfactor.test.AboutUsTest" time="0">
    <skipped message="Method AboutUsTest.filterFAQsAccordingToCategories()[pri:0, instance:com.xfactor.test.AboutUsTest@5ae63ade] depends on not successfully finished methods"/>
    <system-out><![CDATA[filterFAQsAccordingToCategories has started 
]]></system-out>
  </testcase>
  <testcase name="contactUs" classname="com.xfactor.test.AboutUsTest" time="0">
    <skipped message="org/apache/http/HttpRequest"/>
    <system-out><![CDATA[contactUs has started 
]]></system-out>
  </testcase>
  <testcase name="displayEnduserTerms" classname="com.xfactor.test.AboutUsTest" time="0">
    <skipped message="org/apache/http/HttpRequest"/>
    <system-out><![CDATA[displayEnduserTerms has started 
]]></system-out>
  </testcase>
  <testcase name="postCondition" classname="com.xfactor.test.AboutUsTest" time="0">
    <skipped/>
  </testcase>
  <testcase name="teardown" classname="com.xfactor.test.AboutUsTest" time="0">
    <skipped/>
  </testcase>
  <testcase name="preTest" classname="com.xfactor.test.MyProfileTest" time="0.134">
    <failure message="org/apache/http/HttpRequest" type="java.lang.NoClassDefFoundError"><![CDATA[java.lang.NoClassDefFoundError: org/apache/http/HttpRequest
Caused by: java.lang.ClassNotFoundException: org.apache.http.HttpRequest
]]></failure>
    <system-out><![CDATA[AboutUs has finished it's execution Mon Nov 09 22:50:18 IST 2020
Test Suite Execution Started 
Time Stamp: Mon Nov 09 22:50:18 IST 2020
]]></system-out>
  </testcase>
  <testcase name="preCondition" classname="com.xfactor.test.MyProfileTest" time="0">
    <skipped/>
  </testcase>
  <testcase name="displayMyProfilePage" classname="com.xfactor.test.MyProfileTest" time="0">
    <skipped message="org/apache/http/HttpRequest"/>
    <system-out><![CDATA[displayMyProfilePage has started 
]]></system-out>
  </testcase>
  <testcase name="postCondition" classname="com.xfactor.test.MyProfileTest" time="0">
    <skipped/>
  </testcase>
  <testcase name="teardown" classname="com.xfactor.test.MyProfileTest" time="0">
    <skipped/>
  </testcase>
  <testcase name="preTest" classname="com.xfactor.test.MyXfactorHomeTest" time="0.086">
    <failure message="org/apache/http/HttpRequest" type="java.lang.NoClassDefFoundError"><![CDATA[java.lang.NoClassDefFoundError: org/apache/http/HttpRequest
Caused by: java.lang.ClassNotFoundException: org.apache.http.HttpRequest
]]></failure>
    <system-out><![CDATA[MyProfile has finished it's execution Mon Nov 09 22:50:18 IST 2020
Test Suite Execution Started 
Time Stamp: Mon Nov 09 22:50:18 IST 2020
]]></system-out>
  </testcase>
  <testcase name="preCondition" classname="com.xfactor.test.MyXfactorHomeTest" time="0">
    <skipped/>
  </testcase>
  <testcase name="displayXfactorHomePage" classname="com.xfactor.test.MyXfactorHomeTest" time="0">
    <skipped message="org/apache/http/HttpRequest"/>
    <system-out><![CDATA[displayXfactorHomePage has started 
]]></system-out>
  </testcase>
  <testcase name="searchingAllOpportunitiesBySource" classname="com.xfactor.test.MyXfactorHomeTest" time="0">
    <skipped message="org/apache/http/HttpRequest"/>
    <system-out><![CDATA[searchingAllOpportunitiesBySource has started 
]]></system-out>
  </testcase>
  <testcase name="searchingAllActiveOpportunitiesBySource" classname="com.xfactor.test.MyXfactorHomeTest" time="0">
    <skipped message="org/apache/http/HttpRequest"/>
    <system-out><![CDATA[searchingAllActiveOpportunitiesBySource has started 
]]></system-out>
  </testcase>
  <testcase name="searchingAllHistoricOpportunitiesBySource" classname="com.xfactor.test.MyXfactorHomeTest" time="0">
    <skipped message="org/apache/http/HttpRequest"/>
    <system-out><![CDATA[searchingAllHistoricOpportunitiesBySource has started 
]]></system-out>
  </testcase>
  <testcase name="searchingAllOpportunitiesByCategory" classname="com.xfactor.test.MyXfactorHomeTest" time="0">
    <skipped message="org/apache/http/HttpRequest"/>
    <system-out><![CDATA[searchingAllOpportunitiesByCategory has started 
]]></system-out>
  </testcase>
  <testcase name="searchingAllActiveOpportunitiesByCategory" classname="com.xfactor.test.MyXfactorHomeTest" time="0">
    <skipped message="org/apache/http/HttpRequest"/>
    <system-out><![CDATA[searchingAllActiveOpportunitiesByCategory has started 
]]></system-out>
  </testcase>
  <testcase name="searchingAllHistoricOpportunitiesByCategory" classname="com.xfactor.test.MyXfactorHomeTest" time="0">
    <skipped message="org/apache/http/HttpRequest"/>
    <system-out><![CDATA[searchingAllHistoricOpportunitiesByCategory has started 
]]></system-out>
  </testcase>
  <testcase name="postCondition" classname="com.xfactor.test.MyXfactorHomeTest" time="0">
    <skipped/>
  </testcase>
  <testcase name="teardown" classname="com.xfactor.test.MyXfactorHomeTest" time="0">
    <skipped/>
  </testcase>
</testsuite>